{
  "0 debug pnpm:scope": {
    "selected": 1
  },
  "1 debug pnpm:package-manifest": {
    "initial": {
      "name": "starter",
      "version": "0.0.1",
      "private": true,
      "scripts": {
        "dev": "vite dev",
        "build": "vite build",
        "preview": "vite preview",
        "check": "svelte-kit sync && svelte-check --tsconfig ./tsconfig.json",
        "check:watch": "svelte-kit sync && svelte-check --tsconfig ./tsconfig.json --watch",
        "lint": "prettier --check . && eslint .",
        "format": "prettier --write ."
      },
      "devDependencies": {
        "@rollup/plugin-dsv": "^2.0.3",
        "@sveltejs/adapter-auto": "next",
        "@sveltejs/kit": "next",
        "@typescript-eslint/eslint-plugin": "^5.27.0",
        "@typescript-eslint/parser": "^5.27.0",
        "autoprefixer": "^10.4.7",
        "eslint": "^8.16.0",
        "eslint-config-prettier": "^8.3.0",
        "eslint-plugin-svelte3": "^4.0.0",
        "postcss": "^8.4.14",
        "postcss-load-config": "^4.0.1",
        "prettier": "^2.6.2",
        "prettier-plugin-svelte": "^2.7.0",
        "svelte": "^3.44.0",
        "svelte-check": "^2.7.1",
        "svelte-preprocess": "^4.10.7",
        "tailwindcss": "^3.1.5",
        "tslib": "^2.3.1",
        "typescript": "^4.7.4",
        "vite": "^3.0.4"
      },
      "type": "module",
      "dependencies": {
        "d3": "^7.6.1"
      }
    },
    "prefix": "/Users/lin/Documents/Projects/Wattenberger-svelte-starter"
  },
  "2 debug pnpm:context": {
    "currentLockfileExists": false,
    "storeDir": "/Users/lin/Library/pnpm/store/v3",
    "virtualStoreDir": "/Users/lin/Documents/Projects/Wattenberger-svelte-starter/node_modules/.pnpm"
  },
  "3 debug pnpm:stage": {
    "prefix": "/Users/lin/Documents/Projects/Wattenberger-svelte-starter",
    "stage": "resolution_started"
  },
  "4 debug pnpm:_dependency_resolved": {
    "resolution": "registry.npmjs.org/@rollup/plugin-dsv/2.0.3",
    "wanted": {
      "dependentId": ".",
      "name": "@rollup/plugin-dsv",
      "rawSpec": "^2.0.3"
    }
  },
  "5 debug pnpm:progress": {
    "packageId": "registry.npmjs.org/@rollup/plugin-dsv/2.0.3",
    "requester": "/Users/lin/Documents/Projects/Wattenberger-svelte-starter",
    "status": "resolved"
  },
  "6 debug pnpm:progress": {
    "packageId": "registry.npmjs.org/@rollup/plugin-dsv/2.0.3",
    "requester": "/Users/lin/Documents/Projects/Wattenberger-svelte-starter",
    "status": "found_in_store"
  },
  "7 debug pnpm:_dependency_resolved": {
    "resolution": "registry.npmjs.org/postcss-load-config/4.0.1",
    "wanted": {
      "dependentId": ".",
      "name": "postcss-load-config",
      "rawSpec": "^4.0.1"
    }
  },
  "8 debug pnpm:progress": {
    "packageId": "registry.npmjs.org/postcss-load-config/4.0.1",
    "requester": "/Users/lin/Documents/Projects/Wattenberger-svelte-starter",
    "status": "resolved"
  },
  "9 debug pnpm:progress": {
    "packageId": "registry.npmjs.org/postcss-load-config/4.0.1",
    "requester": "/Users/lin/Documents/Projects/Wattenberger-svelte-starter",
    "status": "found_in_store"
  },
  "10 debug pnpm:_dependency_resolved": {
    "resolution": "registry.npmjs.org/eslint-plugin-svelte3/4.0.0",
    "wanted": {
      "dependentId": ".",
      "name": "eslint-plugin-svelte3",
      "rawSpec": "^4.0.0"
    }
  },
  "11 debug pnpm:progress": {
    "packageId": "registry.npmjs.org/eslint-plugin-svelte3/4.0.0",
    "requester": "/Users/lin/Documents/Projects/Wattenberger-svelte-starter",
    "status": "resolved"
  },
  "12 debug pnpm:_dependency_resolved": {
    "resolution": "registry.npmjs.org/eslint-config-prettier/8.5.0",
    "wanted": {
      "dependentId": ".",
      "name": "eslint-config-prettier",
      "rawSpec": "^8.3.0"
    }
  },
  "13 debug pnpm:progress": {
    "packageId": "registry.npmjs.org/eslint-config-prettier/8.5.0",
    "requester": "/Users/lin/Documents/Projects/Wattenberger-svelte-starter",
    "status": "resolved"
  },
  "14 debug pnpm:_dependency_resolved": {
    "resolution": "registry.npmjs.org/prettier-plugin-svelte/2.7.0",
    "wanted": {
      "dependentId": ".",
      "name": "prettier-plugin-svelte",
      "rawSpec": "^2.7.0"
    }
  },
  "15 debug pnpm:progress": {
    "packageId": "registry.npmjs.org/prettier-plugin-svelte/2.7.0",
    "requester": "/Users/lin/Documents/Projects/Wattenberger-svelte-starter",
    "status": "resolved"
  },
  "16 debug pnpm:progress": {
    "packageId": "registry.npmjs.org/eslint-config-prettier/8.5.0",
    "requester": "/Users/lin/Documents/Projects/Wattenberger-svelte-starter",
    "status": "found_in_store"
  },
  "17 debug pnpm:_dependency_resolved": {
    "resolution": "registry.npmjs.org/@sveltejs/adapter-auto/1.0.0-next.73",
    "wanted": {
      "dependentId": ".",
      "name": "@sveltejs/adapter-auto",
      "rawSpec": "next"
    }
  },
  "18 debug pnpm:progress": {
    "packageId": "registry.npmjs.org/@sveltejs/adapter-auto/1.0.0-next.73",
    "requester": "/Users/lin/Documents/Projects/Wattenberger-svelte-starter",
    "status": "resolved"
  },
  "19 debug pnpm:_dependency_resolved": {
    "resolution": "registry.npmjs.org/tslib/2.4.0",
    "wanted": {
      "dependentId": ".",
      "name": "tslib",
      "rawSpec": "^2.3.1"
    }
  },
  "20 debug pnpm:progress": {
    "packageId": "registry.npmjs.org/tslib/2.4.0",
    "requester": "/Users/lin/Documents/Projects/Wattenberger-svelte-starter",
    "status": "resolved"
  },
  "21 debug pnpm:progress": {
    "packageId": "registry.npmjs.org/tslib/2.4.0",
    "requester": "/Users/lin/Documents/Projects/Wattenberger-svelte-starter",
    "status": "found_in_store"
  },
  "22 debug pnpm:fetching-progress": {
    "attempt": 1,
    "packageId": "registry.npmjs.org/eslint-plugin-svelte3/4.0.0",
    "size": 13112,
    "status": "started"
  },
  "23 debug pnpm:fetching-progress": {
    "attempt": 1,
    "packageId": "registry.npmjs.org/prettier-plugin-svelte/2.7.0",
    "size": 49476,
    "status": "started"
  },
  "24 debug pnpm:fetching-progress": {
    "attempt": 1,
    "packageId": "registry.npmjs.org/@sveltejs/adapter-auto/1.0.0-next.73",
    "size": 2424,
    "status": "started"
  },
  "25 debug pnpm:progress": {
    "packageId": "registry.npmjs.org/@sveltejs/adapter-auto/1.0.0-next.73",
    "requester": "/Users/lin/Documents/Projects/Wattenberger-svelte-starter",
    "status": "fetched"
  },
  "26 debug pnpm:progress": {
    "packageId": "registry.npmjs.org/eslint-plugin-svelte3/4.0.0",
    "requester": "/Users/lin/Documents/Projects/Wattenberger-svelte-starter",
    "status": "fetched"
  },
  "27 debug pnpm:progress": {
    "packageId": "registry.npmjs.org/prettier-plugin-svelte/2.7.0",
    "requester": "/Users/lin/Documents/Projects/Wattenberger-svelte-starter",
    "status": "fetched"
  },
  "28 debug pnpm:_dependency_resolved": {
    "resolution": "registry.npmjs.org/prettier/2.7.1",
    "wanted": {
      "dependentId": ".",
      "name": "prettier",
      "rawSpec": "^2.6.2"
    }
  },
  "29 debug pnpm:progress": {
    "packageId": "registry.npmjs.org/prettier/2.7.1",
    "requester": "/Users/lin/Documents/Projects/Wattenberger-svelte-starter",
    "status": "resolved"
  },
  "30 debug pnpm:progress": {
    "packageId": "registry.npmjs.org/prettier/2.7.1",
    "requester": "/Users/lin/Documents/Projects/Wattenberger-svelte-starter",
    "status": "found_in_store"
  },
  "31 debug pnpm:_dependency_resolved": {
    "resolution": "registry.npmjs.org/postcss/8.4.16",
    "wanted": {
      "dependentId": ".",
      "name": "postcss",
      "rawSpec": "^8.4.14"
    }
  },
  "32 debug pnpm:progress": {
    "packageId": "registry.npmjs.org/postcss/8.4.16",
    "requester": "/Users/lin/Documents/Projects/Wattenberger-svelte-starter",
    "status": "resolved"
  },
  "33 debug pnpm:fetching-progress": {
    "attempt": 1,
    "packageId": "registry.npmjs.org/postcss/8.4.16",
    "size": 44045,
    "status": "started"
  },
  "34 debug pnpm:_dependency_resolved": {
    "resolution": "registry.npmjs.org/autoprefixer/10.4.10",
    "wanted": {
      "dependentId": ".",
      "name": "autoprefixer",
      "rawSpec": "^10.4.7"
    }
  },
  "35 debug pnpm:progress": {
    "packageId": "registry.npmjs.org/autoprefixer/10.4.10",
    "requester": "/Users/lin/Documents/Projects/Wattenberger-svelte-starter",
    "status": "resolved"
  },
  "36 debug pnpm:progress": {
    "packageId": "registry.npmjs.org/postcss/8.4.16",
    "requester": "/Users/lin/Documents/Projects/Wattenberger-svelte-starter",
    "status": "fetched"
  },
  "37 debug pnpm:fetching-progress": {
    "attempt": 1,
    "packageId": "registry.npmjs.org/autoprefixer/10.4.10",
    "size": 45858,
    "status": "started"
  },
  "38 debug pnpm:progress": {
    "packageId": "registry.npmjs.org/autoprefixer/10.4.10",
    "requester": "/Users/lin/Documents/Projects/Wattenberger-svelte-starter",
    "status": "fetched"
  },
  "39 debug pnpm:_dependency_resolved": {
    "resolution": "registry.npmjs.org/eslint/8.23.1",
    "wanted": {
      "dependentId": ".",
      "name": "eslint",
      "rawSpec": "^8.16.0"
    }
  },
  "40 debug pnpm:progress": {
    "packageId": "registry.npmjs.org/eslint/8.23.1",
    "requester": "/Users/lin/Documents/Projects/Wattenberger-svelte-starter",
    "status": "resolved"
  },
  "41 debug pnpm:fetching-progress": {
    "attempt": 1,
    "packageId": "registry.npmjs.org/eslint/8.23.1",
    "size": 518981,
    "status": "started"
  },
  "42 debug pnpm:_dependency_resolved": {
    "resolution": "registry.npmjs.org/svelte-preprocess/4.10.7",
    "wanted": {
      "dependentId": ".",
      "name": "svelte-preprocess",
      "rawSpec": "^4.10.7"
    }
  },
  "43 debug pnpm:progress": {
    "packageId": "registry.npmjs.org/svelte-preprocess/4.10.7",
    "requester": "/Users/lin/Documents/Projects/Wattenberger-svelte-starter",
    "status": "resolved"
  },
  "44 debug pnpm:_dependency_resolved": {
    "resolution": "registry.npmjs.org/d3/7.6.1",
    "wanted": {
      "dependentId": ".",
      "name": "d3",
      "rawSpec": "^7.6.1"
    }
  },
  "45 debug pnpm:progress": {
    "packageId": "registry.npmjs.org/d3/7.6.1",
    "requester": "/Users/lin/Documents/Projects/Wattenberger-svelte-starter",
    "status": "resolved"
  },
  "46 debug pnpm:fetching-progress": {
    "attempt": 1,
    "packageId": "registry.npmjs.org/d3/7.6.1",
    "size": 231255,
    "status": "started"
  },
  "47 debug pnpm:fetching-progress": {
    "attempt": 1,
    "packageId": "registry.npmjs.org/svelte-preprocess/4.10.7",
    "size": 22985,
    "status": "started"
  },
  "48 debug pnpm:progress": {
    "packageId": "registry.npmjs.org/svelte-preprocess/4.10.7",
    "requester": "/Users/lin/Documents/Projects/Wattenberger-svelte-starter",
    "status": "fetched"
  },
  "49 debug pnpm:_dependency_resolved": {
    "resolution": "registry.npmjs.org/svelte-check/2.9.0",
    "wanted": {
      "dependentId": ".",
      "name": "svelte-check",
      "rawSpec": "^2.7.1"
    }
  },
  "50 debug pnpm:progress": {
    "packageId": "registry.npmjs.org/svelte-check/2.9.0",
    "requester": "/Users/lin/Documents/Projects/Wattenberger-svelte-starter",
    "status": "resolved"
  },
  "51 debug pnpm:fetching-progress": {
    "attempt": 1,
    "packageId": "registry.npmjs.org/svelte-check/2.9.0",
    "size": 699762,
    "status": "started"
  },
  "52 debug pnpm:progress": {
    "packageId": "registry.npmjs.org/d3/7.6.1",
    "requester": "/Users/lin/Documents/Projects/Wattenberger-svelte-starter",
    "status": "fetched"
  },
  "53 debug pnpm:progress": {
    "packageId": "registry.npmjs.org/eslint/8.23.1",
    "requester": "/Users/lin/Documents/Projects/Wattenberger-svelte-starter",
    "status": "fetched"
  },
  "54 debug pnpm:_dependency_resolved": {
    "resolution": "registry.npmjs.org/svelte/3.50.1",
    "wanted": {
      "dependentId": ".",
      "name": "svelte",
      "rawSpec": "^3.44.0"
    }
  },
  "55 debug pnpm:progress": {
    "packageId": "registry.npmjs.org/svelte/3.50.1",
    "requester": "/Users/lin/Documents/Projects/Wattenberger-svelte-starter",
    "status": "resolved"
  },
  "56 debug pnpm:fetching-progress": {
    "attempt": 1,
    "packageId": "registry.npmjs.org/svelte/3.50.1",
    "size": 1586384,
    "status": "started"
  },
  "57 debug pnpm:update-check": {
    "currentVersion": "7.0.0",
    "latestVersion": "7.11.0"
  },
  "58 warn pnpm:install-check": {
    "message": "Unsupported engine for registry.npmjs.org/vite/3.1.0: wanted: {\"node\":\"^14.18.0 || >=16.0.0\"} (current: {\"node\":\"v14.17.0\",\"pnpm\":\"7.0.0\"})",
    "prefix": "/Users/lin/Documents/Projects/Wattenberger-svelte-starter"
  },
  "59 error pnpm": {
    "code": "ERR_PNPM_UNSUPPORTED_ENGINE",
    "packageId": "registry.npmjs.org/vite/3.1.0",
    "wanted": {
      "node": "^14.18.0 || >=16.0.0"
    },
    "current": {
      "node": "v14.17.0",
      "pnpm": "7.0.0"
    },
    "pkgsStack": [],
    "err": {
      "name": "pnpm",
      "message": "Unsupported engine for registry.npmjs.org/vite/3.1.0: wanted: {\"node\":\"^14.18.0 || >=16.0.0\"} (current: {\"node\":\"v14.17.0\",\"pnpm\":\"7.0.0\"})",
      "code": "ERR_PNPM_UNSUPPORTED_ENGINE",
      "stack": "pnpm: Unsupported engine for registry.npmjs.org/vite/3.1.0: wanted: {\"node\":\"^14.18.0 || >=16.0.0\"} (current: {\"node\":\"v14.17.0\",\"pnpm\":\"7.0.0\"})\n    at checkEngine (/snapshot/dist/pnpm.cjs)\n    at checkPackage (/snapshot/dist/pnpm.cjs)\n    at packageIsInstallable (/snapshot/dist/pnpm.cjs)\n    at resolveAndFetch (/snapshot/dist/pnpm.cjs)\n    at runMicrotasks (<anonymous>)\n    at processTicksAndRejections (internal/process/task_queues.js:95:5)\n    at async resolveDependency (/snapshot/dist/pnpm.cjs)\n    at async resolveDependenciesOfDependency (/snapshot/dist/pnpm.cjs)\n    at async Promise.all (index 19)\n    at async resolveDependencies (/snapshot/dist/pnpm.cjs)"
    }
  }
}